Log file open, 02/24/20 22:36:30
LogWindows: Failed to load 'aqProf.dll' (GetLastError=126)
LogWindows: File 'aqProf.dll' does not exist
LogWindows: Failed to load 'VtuneApi.dll' (GetLastError=126)
LogWindows: File 'VtuneApi.dll' does not exist
LogWindows: Failed to load 'VtuneApi32e.dll' (GetLastError=126)
LogWindows: File 'VtuneApi32e.dll' does not exist
LogConsoleResponse: Display: Failed to find resolution value strings in scalability ini. Falling back to default.
LogInit: Display: Running engine for game: PuzzleBox
LogPakFile: Registered encryption key '00000000000000000000000000000000': 0 pak files mounted, 0 remain pending
LogPlatformFile: Not using cached read wrapper
LogTaskGraph: Started task graph with 5 named threads and 11 total threads with 3 sets of task threads.
LogStats: Stats thread started at 0.224936
LogD3D11RHI: Loaded GFSDK_Aftermath_Lib.x64.dll
LogICUInternationalization: ICU TimeZone Detection - Raw Offset: -5:00, Platform Override: ''
LogPluginManager: Mounting plugin Paper2D
LogPluginManager: Mounting plugin AISupport
LogPluginManager: Mounting plugin LightPropagationVolume
LogPluginManager: Mounting plugin ActorLayerUtilities
LogPluginManager: Mounting plugin AnimationSharing
LogPluginManager: Mounting plugin CLionSourceCodeAccess
LogPluginManager: Mounting plugin CodeLiteSourceCodeAccess
LogPluginManager: Mounting plugin GitSourceControl
LogPluginManager: Mounting plugin KDevelopSourceCodeAccess
LogPluginManager: Mounting plugin NullSourceCodeAccess
LogPluginManager: Mounting plugin PerforceSourceControl
LogPluginManager: Mounting plugin SubversionSourceControl
LogPluginManager: Mounting plugin UObjectPlugin
LogPluginManager: Mounting plugin VisualStudioCodeSourceCodeAccess
LogPluginManager: Mounting plugin VisualStudioSourceCodeAccess
LogPluginManager: Mounting plugin XCodeSourceCodeAccess
LogPluginManager: Mounting plugin AssetManagerEditor
LogPluginManager: Mounting plugin CryptoKeys
LogPluginManager: Mounting plugin DataValidation
LogPluginManager: Mounting plugin FacialAnimation
LogPluginManager: Mounting plugin GameplayTagsEditor
LogPluginManager: Mounting plugin MacGraphicsSwitching
LogPluginManager: Mounting plugin MaterialAnalyzer
LogPluginManager: Mounting plugin MobileLauncherProfileWizard
LogPluginManager: Mounting plugin PluginBrowser
LogPluginManager: Mounting plugin SpeedTreeImporter
LogPluginManager: Mounting plugin DatasmithContent
LogPluginManager: Mounting plugin VariantManagerContent
LogPluginManager: Mounting plugin AlembicImporter
LogPluginManager: Mounting plugin AppleImageUtils
LogPluginManager: Mounting plugin AppleVision
LogPluginManager: Mounting plugin BackChannel
LogPluginManager: Mounting plugin CharacterAI
LogPluginManager: Mounting plugin GeometryCache
LogPluginManager: Mounting plugin HTML5Networking
LogPluginManager: Mounting plugin ProxyLODPlugin
LogPluginManager: Mounting plugin SkeletalReduction
LogPluginManager: Mounting plugin MagicLeap
LogPluginManager: Mounting plugin MagicLeapMedia
LogPluginManager: Mounting plugin AndroidMedia
LogPluginManager: Mounting plugin AvfMedia
LogPluginManager: Mounting plugin ImgMedia
LogPluginManager: Mounting plugin LinearTimecode
LogPluginManager: Mounting plugin MediaCompositing
LogPluginManager: Mounting plugin MediaPlayerEditor
LogPluginManager: Mounting plugin WebMMedia
LogPluginManager: Mounting plugin WmfMedia
LogPluginManager: Mounting plugin TcpMessaging
LogPluginManager: Mounting plugin UdpMessaging
LogPluginManager: Mounting plugin ActorSequence
LogPluginManager: Mounting plugin LevelSequenceEditor
LogPluginManager: Mounting plugin MatineeToLevelSequence
LogPluginManager: Mounting plugin NetcodeUnitTest
LogPluginManager: Mounting plugin NUTUnrealEngine4
LogPluginManager: Mounting plugin OnlineSubsystemGooglePlay
LogPluginManager: Mounting plugin OnlineSubsystemIOS
LogPluginManager: Mounting plugin OnlineSubsystem
LogPluginManager: Mounting plugin OnlineSubsystemNull
LogPluginManager: Mounting plugin OnlineSubsystemUtils
LogPluginManager: Mounting plugin LauncherChunkInstaller
LogPluginManager: Mounting plugin AndroidDeviceProfileSelector
LogPluginManager: Mounting plugin AndroidMoviePlayer
LogPluginManager: Mounting plugin AndroidPermission
LogPluginManager: Mounting plugin AppleMoviePlayer
LogPluginManager: Mounting plugin ArchVisCharacter
LogPluginManager: Mounting plugin AudioCapture
LogPluginManager: Mounting plugin CableComponent
LogPluginManager: Mounting plugin CustomMeshComponent
LogPluginManager: Mounting plugin EditableMesh
LogPluginManager: Mounting plugin ExampleDeviceProfileSelector
LogPluginManager: Mounting plugin Firebase
LogPluginManager: Mounting plugin GoogleCloudMessaging
LogPluginManager: Mounting plugin IOSDeviceProfileSelector
LogPluginManager: Mounting plugin LinuxDeviceProfileSelector
LogPluginManager: Mounting plugin LocationServicesBPLibrary
LogPluginManager: Mounting plugin MobilePatchingUtils
LogPluginManager: Mounting plugin OculusVR
LogPluginManager: Mounting plugin PhysXVehicles
LogPluginManager: Mounting plugin ProceduralMeshComponent
LogPluginManager: Mounting plugin RuntimePhysXCooking
LogPluginManager: Mounting plugin SignificanceManager
LogPluginManager: Mounting plugin SteamVR
LogPluginManager: Mounting plugin WebMMoviePlayer
LogPluginManager: Mounting plugin WindowsMoviePlayer
LogInit: Using libcurl 7.55.1-DEV
LogInit:  - built for x86_64-pc-win32
LogInit:  - supports SSL with OpenSSL/1.1.1
LogInit:  - supports HTTP deflate (compression) using libz 1.2.8
LogInit:  - other features:
LogInit:      CURL_VERSION_SSL
LogInit:      CURL_VERSION_LIBZ
LogInit:      CURL_VERSION_IPV6
LogInit:      CURL_VERSION_ASYNCHDNS
LogInit:      CURL_VERSION_LARGEFILE
LogInit:      CURL_VERSION_IDN
LogInit:  CurlRequestOptions (configurable via config and command line):
LogInit:  - bVerifyPeer = true  - Libcurl will verify peer certificate
LogInit:  - bUseHttpProxy = false  - Libcurl will NOT use HTTP proxy
LogInit:  - bDontReuseConnections = false  - Libcurl will reuse connections
LogInit:  - MaxHostConnections = 16  - Libcurl will limit the number of connections to a host
LogInit:  - LocalHostAddr = Default
LogInit:  - BufferSize = 65536
LogInit: WinSock: version 1.1 (2.2), MaxSocks=32767, MaxUdp=65467
LogInit: Build: ++UE4+Release-4.22-CL-7053642
LogInit: Engine Version: 4.22.3-7053642+++UE4+Release-4.22
LogInit: Compatible Engine Version: 4.22.0-5660361+++UE4+Release-4.22
LogInit: Net CL: 5660361
LogInit: OS: Windows 10 (Release 1903) (), CPU: Intel(R) Core(TM) i3-7100U CPU @ 2.40GHz, GPU: Intel(R) HD Graphics 620
LogInit: Compiled (64-bit): Jun 18 2019 03:09:11
LogInit: Compiled with Visual C++: 19.16.27025.01
LogInit: Build Configuration: Development
LogInit: Branch Name: ++UE4+Release-4.22
LogInit: Command Line: 
LogInit: Base Directory: C:/Program Files/Epic Games/UE_4.22/Engine/Binaries/Win64/
LogInit: Installed Engine Build: 1
LogDevObjectVersion: Number of dev versions registered: 23
LogDevObjectVersion:   Dev-Blueprints (B0D832E4-1F89-4F0D-ACCF-7EB736FD4AA2): 10
LogDevObjectVersion:   Dev-Build (E1C64328-A22C-4D53-A36C-8E866417BD8C): 0
LogDevObjectVersion:   Dev-Core (375EC13C-06E4-48FB-B500-84F0262A717E): 3
LogDevObjectVersion:   Dev-Editor (E4B068ED-F494-42E9-A231-DA0B2E46BB41): 30
LogDevObjectVersion:   Dev-Framework (CFFC743F-43B0-4480-9391-14DF171D2073): 35
LogDevObjectVersion:   Dev-Mobile (B02B49B5-BB20-44E9-A304-32B752E40360): 2
LogDevObjectVersion:   Dev-Networking (A4E4105C-59A1-49B5-A7C5-40C4547EDFEE): 0
LogDevObjectVersion:   Dev-Online (39C831C9-5AE6-47DC-9A44-9C173E1C8E7C): 0
LogDevObjectVersion:   Dev-Physics (78F01B33-EBEA-4F98-B9B4-84EACCB95AA2): 0
LogDevObjectVersion:   Dev-Platform (6631380F-2D4D-43E0-8009-CF276956A95A): 0
LogDevObjectVersion:   Dev-Rendering (12F88B9F-8875-4AFC-A67C-D90C383ABD29): 28
LogDevObjectVersion:   Dev-Sequencer (7B5AE74C-D270-4C10-A958-57980B212A5A): 11
LogDevObjectVersion:   Dev-VR (D7296918-1DD6-4BDD-9DE2-64A83CC13884): 2
LogDevObjectVersion:   Dev-LoadTimes (C2A15278-BFE7-4AFE-6C17-90FF531DF755): 1
LogDevObjectVersion:   Private-Geometry (6EACA3D4-40EC-4CC1-B786-8BED09428FC5): 3
LogDevObjectVersion:   Dev-AnimPhys (29E575DD-E0A3-4627-9D10-D276232CDCEA): 17
LogDevObjectVersion:   Dev-Anim (AF43A65D-7FD3-4947-9873-3E8ED9C1BB05): 2
LogDevObjectVersion:   Dev-ReflectionCapture (6B266CEC-1EC7-4B8F-A30B-E4D90942FC07): 1
LogDevObjectVersion:   Dev-Automation (0DF73D61-A23F-47EA-B727-89E90C41499A): 1
LogDevObjectVersion:   FortniteMain (601D1886-AC64-4F84-AA16-D3DE0DEAC7D6): 25
LogDevObjectVersion:   Dev-Enterprise (9DFFBCD6-494F-0158-E221-12823C92A888): 6
LogDevObjectVersion:   Dev-Niagara (F2AED0AC-9AFE-416F-8664-AA7FFA26D6FC): 1
LogDevObjectVersion:   Dev-Destruction (174F1F0B-B4C6-45A5-B13F-2EE8D0FB917D): 2
LogInit: Presizing for max 16777216 objects, including 0 objects not considered by GC, pre-allocating 0 bytes for permanent pool.
LogInit: Object subsystem initialized
LogConfig: Setting CVar [[con.DebugEarlyDefault:1]]
LogConfig: Setting CVar [[r.setres:1280x720]]
[2020.02.25-03.36.30:984][  0]LogConfig: Setting CVar [[r.VSync:0]]
[2020.02.25-03.36.30:984][  0]LogConfig: Setting CVar [[r.RHICmdBypass:0]]
[2020.02.25-03.36.30:984][  0]LogConfig: Applying CVar settings from Section [/Script/Engine.RendererSettings] File [C:/Users/ahcbr/Desktop/artt and schooll/2020 games/unity-prototype-master-master-all/unity-prototype-master-master-all/UnrealPuzzle/PuzzleBox/Saved/Config/Windows/Engine.ini]
[2020.02.25-03.36.30:984][  0]LogConfig: Setting CVar [[r.GPUCrashDebugging:0]]
[2020.02.25-03.36.30:984][  0]LogConfig: Setting CVar [[r.DefaultFeature.AutoExposure.ExtendDefaultLuminanceRange:1]]
[2020.02.25-03.36.30:984][  0]LogConfig: Setting CVar [[r.DefaultFeature.AutoExposure:0]]
[2020.02.25-03.36.30:984][  0]LogConfig: Applying CVar settings from Section [/Script/Engine.RendererOverrideSettings] File [C:/Users/ahcbr/Desktop/artt and schooll/2020 games/unity-prototype-master-master-all/unity-prototype-master-master-all/UnrealPuzzle/PuzzleBox/Saved/Config/Windows/Engine.ini]
[2020.02.25-03.36.30:984][  0]LogConfig: Applying CVar settings from Section [/Script/Engine.StreamingSettings] File [C:/Users/ahcbr/Desktop/artt and schooll/2020 games/unity-prototype-master-master-all/unity-prototype-master-master-all/UnrealPuzzle/PuzzleBox/Saved/Config/Windows/Engine.ini]
[2020.02.25-03.36.30:984][  0]LogConfig: Setting CVar [[s.MinBulkDataSizeForAsyncLoading:131072]]
[2020.02.25-03.36.30:984][  0]LogConfig: Setting CVar [[s.AsyncLoadingThreadEnabled:0]]
[2020.02.25-03.36.30:985][  0]LogConfig: Setting CVar [[s.EventDrivenLoaderEnabled:1]]
[2020.02.25-03.36.30:985][  0]LogConfig: Setting CVar [[s.WarnIfTimeLimitExceeded:0]]
[2020.02.25-03.36.30:985][  0]LogConfig: Setting CVar [[s.TimeLimitExceededMultiplier:1.5]]
[2020.02.25-03.36.30:985][  0]LogConfig: Setting CVar [[s.TimeLimitExceededMinTime:0.005]]
[2020.02.25-03.36.30:985][  0]LogConfig: Setting CVar [[s.UseBackgroundLevelStreaming:1]]
[2020.02.25-03.36.30:985][  0]LogConfig: Setting CVar [[s.PriorityAsyncLoadingExtraTime:15.0]]
[2020.02.25-03.36.30:985][  0]LogConfig: Setting CVar [[s.LevelStreamingActorsUpdateTimeLimit:5.0]]
[2020.02.25-03.36.30:985][  0]LogConfig: Setting CVar [[s.PriorityLevelStreamingActorsUpdateExtraTime:5.0]]
[2020.02.25-03.36.30:985][  0]LogConfig: Setting CVar [[s.LevelStreamingComponentsRegistrationGranularity:10]]
[2020.02.25-03.36.30:985][  0]LogConfig: Setting CVar [[s.UnregisterComponentsTimeLimit:1.0]]
[2020.02.25-03.36.30:985][  0]LogConfig: Setting CVar [[s.LevelStreamingComponentsUnregistrationGranularity:5]]
[2020.02.25-03.36.30:985][  0]LogConfig: Applying CVar settings from Section [/Script/Engine.GarbageCollectionSettings] File [C:/Users/ahcbr/Desktop/artt and schooll/2020 games/unity-prototype-master-master-all/unity-prototype-master-master-all/UnrealPuzzle/PuzzleBox/Saved/Config/Windows/Engine.ini]
[2020.02.25-03.36.30:985][  0]LogConfig: Setting CVar [[gc.MaxObjectsNotConsideredByGC:1]]
[2020.02.25-03.36.30:985][  0]LogConfig: Setting CVar [[gc.SizeOfPermanentObjectPool:0]]
[2020.02.25-03.36.30:985][  0]LogConfig: Setting CVar [[gc.FlushStreamingOnGC:0]]
[2020.02.25-03.36.30:985][  0]LogConfig: Setting CVar [[gc.NumRetriesBeforeForcingGC:10]]
[2020.02.25-03.36.30:985][  0]LogConfig: Setting CVar [[gc.AllowParallelGC:1]]
[2020.02.25-03.36.30:985][  0]LogConfig: Setting CVar [[gc.TimeBetweenPurgingPendingKillObjects:61.1]]
[2020.02.25-03.36.30:985][  0]LogConfig: Setting CVar [[gc.MaxObjectsInEditor:16777216]]
[2020.02.25-03.36.30:985][  0]LogConfig: Setting CVar [[gc.IncrementalBeginDestroyEnabled:1]]
[2020.02.25-03.36.30:985][  0]LogConfig: Setting CVar [[gc.CreateGCClusters:1]]
[2020.02.25-03.36.30:986][  0]LogConfig: Setting CVar [[gc.MinGCClusterSize:5]]
[2020.02.25-03.36.30:986][  0]LogConfig: Setting CVar [[gc.ActorClusteringEnabled:0]]
[2020.02.25-03.36.30:986][  0]LogConfig: Setting CVar [[gc.BlueprintClusteringEnabled:0]]
[2020.02.25-03.36.30:986][  0]LogConfig: Setting CVar [[gc.UseDisregardForGCOnDedicatedServers:0]]
[2020.02.25-03.36.30:986][  0]LogConfig: Applying CVar settings from Section [/Script/Engine.NetworkSettings] File [C:/Users/ahcbr/Desktop/artt and schooll/2020 games/unity-prototype-master-master-all/unity-prototype-master-master-all/UnrealPuzzle/PuzzleBox/Saved/Config/Windows/Engine.ini]
[2020.02.25-03.36.30:986][  0]LogConfig: Applying CVar settings from Section [/Script/UnrealEd.CookerSettings] File [C:/Users/ahcbr/Desktop/artt and schooll/2020 games/unity-prototype-master-master-all/unity-prototype-master-master-all/UnrealPuzzle/PuzzleBox/Saved/Config/Windows/Engine.ini]
[2020.02.25-03.36.30:990][  0]LogConfig: Applying CVar settings from Section [ViewDistanceQuality@3] File [C:/Users/ahcbr/Desktop/artt and schooll/2020 games/unity-prototype-master-master-all/unity-prototype-master-master-all/UnrealPuzzle/PuzzleBox/Saved/Config/Windows/Scalability.ini]
[2020.02.25-03.36.30:990][  0]LogConfig: Setting CVar [[r.SkeletalMeshLODBias:0]]
[2020.02.25-03.36.30:990][  0]LogConfig: Setting CVar [[r.ViewDistanceScale:1.0]]
[2020.02.25-03.36.30:990][  0]LogConfig: Applying CVar settings from Section [AntiAliasingQuality@3] File [C:/Users/ahcbr/Desktop/artt and schooll/2020 games/unity-prototype-master-master-all/unity-prototype-master-master-all/UnrealPuzzle/PuzzleBox/Saved/Config/Windows/Scalability.ini]
[2020.02.25-03.36.30:990][  0]LogConfig: Setting CVar [[r.PostProcessAAQuality:4]]
[2020.02.25-03.36.30:990][  0]LogConfig: Applying CVar settings from Section [ShadowQuality@3] File [C:/Users/ahcbr/Desktop/artt and schooll/2020 games/unity-prototype-master-master-all/unity-prototype-master-master-all/UnrealPuzzle/PuzzleBox/Saved/Config/Windows/Scalability.ini]
[2020.02.25-03.36.30:990][  0]LogConfig: Setting CVar [[r.LightFunctionQuality:1]]
[2020.02.25-03.36.30:991][  0]LogConfig: Setting CVar [[r.ShadowQuality:5]]
[2020.02.25-03.36.30:991][  0]LogConfig: Setting CVar [[r.Shadow.CSM.MaxCascades:10]]
[2020.02.25-03.36.30:991][  0]LogConfig: Setting CVar [[r.Shadow.MaxResolution:2048]]
[2020.02.25-03.36.30:991][  0]LogConfig: Setting CVar [[r.Shadow.MaxCSMResolution:2048]]
[2020.02.25-03.36.30:991][  0]LogConfig: Setting CVar [[r.Shadow.RadiusThreshold:0.01]]
[2020.02.25-03.36.30:991][  0]LogConfig: Setting CVar [[r.Shadow.DistanceScale:1.0]]
[2020.02.25-03.36.30:991][  0]LogConfig: Setting CVar [[r.Shadow.CSM.TransitionScale:1.0]]
[2020.02.25-03.36.30:991][  0]LogConfig: Setting CVar [[r.Shadow.PreShadowResolutionFactor:1.0]]
[2020.02.25-03.36.30:991][  0]LogConfig: Setting CVar [[r.DistanceFieldShadowing:1]]
[2020.02.25-03.36.30:991][  0]LogConfig: Setting CVar [[r.DistanceFieldAO:1]]
[2020.02.25-03.36.30:991][  0]LogConfig: Setting CVar [[r.AOQuality:2]]
[2020.02.25-03.36.30:991][  0]LogConfig: Setting CVar [[r.VolumetricFog:1]]
[2020.02.25-03.36.30:991][  0]LogConfig: Setting CVar [[r.VolumetricFog.GridPixelSize:8]]
[2020.02.25-03.36.30:991][  0]LogConfig: Setting CVar [[r.VolumetricFog.GridSizeZ:128]]
[2020.02.25-03.36.30:991][  0]LogConfig: Setting CVar [[r.VolumetricFog.HistoryMissSupersampleCount:4]]
[2020.02.25-03.36.30:991][  0]LogConfig: Setting CVar [[r.LightMaxDrawDistanceScale:1]]
[2020.02.25-03.36.30:991][  0]LogConfig: Setting CVar [[r.CapsuleShadows:1]]
[2020.02.25-03.36.30:991][  0]LogConfig: Applying CVar settings from Section [PostProcessQuality@3] File [C:/Users/ahcbr/Desktop/artt and schooll/2020 games/unity-prototype-master-master-all/unity-prototype-master-master-all/UnrealPuzzle/PuzzleBox/Saved/Config/Windows/Scalability.ini]
[2020.02.25-03.36.30:991][  0]LogConfig: Setting CVar [[r.MotionBlurQuality:4]]
[2020.02.25-03.36.30:991][  0]LogConfig: Setting CVar [[r.AmbientOcclusionMipLevelFactor:0.4]]
[2020.02.25-03.36.30:991][  0]LogConfig: Setting CVar [[r.AmbientOcclusionMaxQuality:100]]
[2020.02.25-03.36.30:991][  0]LogConfig: Setting CVar [[r.AmbientOcclusionLevels:-1]]
[2020.02.25-03.36.30:991][  0]LogConfig: Setting CVar [[r.AmbientOcclusionRadiusScale:1.0]]
[2020.02.25-03.36.30:991][  0]LogConfig: Setting CVar [[r.DepthOfFieldQuality:2]]
[2020.02.25-03.36.30:991][  0]LogConfig: Setting CVar [[r.RenderTargetPoolMin:400]]
[2020.02.25-03.36.30:991][  0]LogConfig: Setting CVar [[r.LensFlareQuality:2]]
[2020.02.25-03.36.30:991][  0]LogConfig: Setting CVar [[r.SceneColorFringeQuality:1]]
[2020.02.25-03.36.30:991][  0]LogConfig: Setting CVar [[r.EyeAdaptationQuality:2]]
[2020.02.25-03.36.30:991][  0]LogConfig: Setting CVar [[r.BloomQuality:5]]
[2020.02.25-03.36.30:991][  0]LogConfig: Setting CVar [[r.FastBlurThreshold:100]]
[2020.02.25-03.36.30:991][  0]LogConfig: Setting CVar [[r.Upscale.Quality:3]]
[2020.02.25-03.36.30:991][  0]LogConfig: Setting CVar [[r.Tonemapper.GrainQuantization:1]]
[2020.02.25-03.36.30:992][  0]LogConfig: Setting CVar [[r.LightShaftQuality:1]]
[2020.02.25-03.36.30:992][  0]LogConfig: Setting CVar [[r.Filter.SizeScale:1]]
[2020.02.25-03.36.30:992][  0]LogConfig: Setting CVar [[r.Tonemapper.Quality:5]]
[2020.02.25-03.36.30:992][  0]LogConfig: Setting CVar [[r.DOF.Gather.AccumulatorQuality:1        ; higher gathering accumulator quality]]
[2020.02.25-03.36.30:992][  0]LogConfig: Setting CVar [[r.DOF.Gather.PostfilterMethod:1          ; Median3x3 postfilering method]]
[2020.02.25-03.36.30:992][  0]LogConfig: Setting CVar [[r.DOF.Gather.EnableBokehSettings:0       ; no bokeh simulation when gathering]]
[2020.02.25-03.36.30:992][  0]LogConfig: Setting CVar [[r.DOF.Gather.RingCount:4                 ; medium number of samples when gathering]]
[2020.02.25-03.36.30:992][  0]LogConfig: Setting CVar [[r.DOF.Scatter.ForegroundCompositing:1    ; additive foreground scattering]]
[2020.02.25-03.36.30:992][  0]LogConfig: Setting CVar [[r.DOF.Scatter.BackgroundCompositing:2    ; additive background scattering]]
[2020.02.25-03.36.30:992][  0]LogConfig: Setting CVar [[r.DOF.Scatter.EnableBokehSettings:1      ; bokeh simulation when scattering]]
[2020.02.25-03.36.30:992][  0]LogConfig: Setting CVar [[r.DOF.Scatter.MaxSpriteRatio:0.1         ; only a maximum of 10% of scattered bokeh]]
[2020.02.25-03.36.30:992][  0]LogConfig: Setting CVar [[r.DOF.Recombine.Quality:1                ; cheap slight out of focus]]
[2020.02.25-03.36.30:992][  0]LogConfig: Setting CVar [[r.DOF.Recombine.EnableBokehSettings:0    ; no bokeh simulation on slight out of focus]]
[2020.02.25-03.36.30:992][  0]LogConfig: Setting CVar [[r.DOF.TemporalAAQuality:1                ; more stable temporal accumulation]]
[2020.02.25-03.36.30:992][  0]LogConfig: Setting CVar [[r.DOF.Kernel.MaxForegroundRadius:0.025]]
[2020.02.25-03.36.30:992][  0]LogConfig: Setting CVar [[r.DOF.Kernel.MaxBackgroundRadius:0.025]]
[2020.02.25-03.36.30:992][  0]LogConfig: Applying CVar settings from Section [TextureQuality@3] File [C:/Users/ahcbr/Desktop/artt and schooll/2020 games/unity-prototype-master-master-all/unity-prototype-master-master-all/UnrealPuzzle/PuzzleBox/Saved/Config/Windows/Scalability.ini]
[2020.02.25-03.36.30:992][  0]LogConfig: Setting CVar [[r.Streaming.MipBias:0]]
[2020.02.25-03.36.30:992][  0]LogConfig: Setting CVar [[r.Streaming.AmortizeCPUToGPUCopy:0]]
[2020.02.25-03.36.30:992][  0]LogConfig: Setting CVar [[r.Streaming.MaxNumTexturesToStreamPerFrame:0]]
[2020.02.25-03.36.30:992][  0]LogConfig: Setting CVar [[r.Streaming.Boost:1]]
[2020.02.25-03.36.30:992][  0]LogConfig: Setting CVar [[r.MaxAnisotropy:8]]
[2020.02.25-03.36.30:992][  0]LogConfig: Setting CVar [[r.Streaming.LimitPoolSizeToVRAM:0]]
[2020.02.25-03.36.30:992][  0]LogConfig: Setting CVar [[r.Streaming.PoolSize:1000]]
[2020.02.25-03.36.30:992][  0]LogConfig: Setting CVar [[r.Streaming.MaxEffectiveScreenSize:0]]
[2020.02.25-03.36.30:992][  0]LogConfig: Applying CVar settings from Section [EffectsQuality@3] File [C:/Users/ahcbr/Desktop/artt and schooll/2020 games/unity-prototype-master-master-all/unity-prototype-master-master-all/UnrealPuzzle/PuzzleBox/Saved/Config/Windows/Scalability.ini]
[2020.02.25-03.36.30:992][  0]LogConfig: Setting CVar [[r.TranslucencyLightingVolumeDim:64]]
[2020.02.25-03.36.30:992][  0]LogConfig: Setting CVar [[r.RefractionQuality:2]]
[2020.02.25-03.36.30:992][  0]LogConfig: Setting CVar [[r.SSR.Quality:3]]
[2020.02.25-03.36.30:992][  0]LogConfig: Setting CVar [[r.SceneColorFormat:4]]
[2020.02.25-03.36.30:992][  0]LogConfig: Setting CVar [[r.DetailMode:2]]
[2020.02.25-03.36.30:993][  0]LogConfig: Setting CVar [[r.TranslucencyVolumeBlur:1]]
[2020.02.25-03.36.30:993][  0]LogConfig: Setting CVar [[r.MaterialQualityLevel:1 ; High quality]]
[2020.02.25-03.36.30:993][  0]LogConfig: Setting CVar [[r.SSS.Scale:1]]
[2020.02.25-03.36.30:993][  0]LogConfig: Setting CVar [[r.SSS.SampleSet:2]]
[2020.02.25-03.36.30:993][  0]LogConfig: Setting CVar [[r.SSS.Quality:1]]
[2020.02.25-03.36.30:993][  0]LogConfig: Setting CVar [[r.SSS.HalfRes:1]]
[2020.02.25-03.36.30:993][  0]LogConfig: Setting CVar [[r.EmitterSpawnRateScale:1.0]]
[2020.02.25-03.36.30:993][  0]LogConfig: Setting CVar [[r.ParticleLightQuality:2]]
[2020.02.25-03.36.30:993][  0]LogConfig: Applying CVar settings from Section [FoliageQuality@3] File [C:/Users/ahcbr/Desktop/artt and schooll/2020 games/unity-prototype-master-master-all/unity-prototype-master-master-all/UnrealPuzzle/PuzzleBox/Saved/Config/Windows/Scalability.ini]
[2020.02.25-03.36.30:993][  0]LogConfig: Setting CVar [[foliage.DensityScale:1.0]]
[2020.02.25-03.36.30:993][  0]LogConfig: Setting CVar [[grass.DensityScale:1.0]]
[2020.02.25-03.36.30:993][  0]LogInit: Selected Device Profile: [Windows]
[2020.02.25-03.36.30:993][  0]LogInit: Applying CVar settings loaded from the selected device profile: [Windows]
[2020.02.25-03.36.31:038][  0]LogHAL: Display: Platform has ~ 8 GB [8503037952 / 8589934592 / 8], which maps to Default [LargestMinGB=32, LargerMinGB=12, DefaultMinGB=8, SmallerMinGB=6, SmallestMinGB=0)
[2020.02.25-03.36.31:038][  0]LogConfig: Setting CVar [[r.Vulkan.UseRealUBs:0		; Required until we fix HLR fall-out]]
[2020.02.25-03.36.31:038][  0]LogInit: Going up to parent DeviceProfile []
[2020.02.25-03.36.31:038][  0]LogConfig: Applying CVar settings from Section [ViewDistanceQuality@3] File [C:/Users/ahcbr/Desktop/artt and schooll/2020 games/unity-prototype-master-master-all/unity-prototype-master-master-all/UnrealPuzzle/PuzzleBox/Saved/Config/Windows/Scalability.ini]
[2020.02.25-03.36.31:038][  0]LogConfig: Setting CVar [[r.SkeletalMeshLODBias:0]]
[2020.02.25-03.36.31:038][  0]LogConfig: Setting CVar [[r.ViewDistanceScale:1.0]]
[2020.02.25-03.36.31:038][  0]LogConfig: Applying CVar settings from Section [AntiAliasingQuality@3] File [C:/Users/ahcbr/Desktop/artt and schooll/2020 games/unity-prototype-master-master-all/unity-prototype-master-master-all/UnrealPuzzle/PuzzleBox/Saved/Config/Windows/Scalability.ini]
[2020.02.25-03.36.31:038][  0]LogConfig: Setting CVar [[r.PostProcessAAQuality:4]]
[2020.02.25-03.36.31:038][  0]LogConfig: Applying CVar settings from Section [ShadowQuality@3] File [C:/Users/ahcbr/Desktop/artt and schooll/2020 games/unity-prototype-master-master-all/unity-prototype-master-master-all/UnrealPuzzle/PuzzleBox/Saved/Config/Windows/Scalability.ini]
[2020.02.25-03.36.31:038][  0]LogConfig: Setting CVar [[r.LightFunctionQuality:1]]
[2020.02.25-03.36.31:038][  0]LogConfig: Setting CVar [[r.ShadowQuality:5]]
[2020.02.25-03.36.31:038][  0]LogConfig: Setting CVar [[r.Shadow.CSM.MaxCascades:10]]
[2020.02.25-03.36.31:038][  0]LogConfig: Setting CVar [[r.Shadow.MaxResolution:2048]]
[2020.02.25-03.36.31:038][  0]LogConfig: Setting CVar [[r.Shadow.MaxCSMResolution:2048]]
[2020.02.25-03.36.31:038][  0]LogConfig: Setting CVar [[r.Shadow.RadiusThreshold:0.01]]
[2020.02.25-03.36.31:039][  0]LogConfig: Setting CVar [[r.Shadow.DistanceScale:1.0]]
[2020.02.25-03.36.31:039][  0]LogConfig: Setting CVar [[r.Shadow.CSM.TransitionScale:1.0]]
[2020.02.25-03.36.31:039][  0]LogConfig: Setting CVar [[r.Shadow.PreShadowResolutionFactor:1.0]]
[2020.02.25-03.36.31:039][  0]LogConfig: Setting CVar [[r.DistanceFieldShadowing:1]]
[2020.02.25-03.36.31:039][  0]LogConfig: Setting CVar [[r.DistanceFieldAO:1]]
[2020.02.25-03.36.31:039][  0]LogConfig: Setting CVar [[r.AOQuality:2]]
[2020.02.25-03.36.31:039][  0]LogConfig: Setting CVar [[r.VolumetricFog:1]]
[2020.02.25-03.36.31:039][  0]LogConfig: Setting CVar [[r.VolumetricFog.GridPixelSize:8]]
[2020.02.25-03.36.31:039][  0]LogConfig: Setting CVar [[r.VolumetricFog.GridSizeZ:128]]
[2020.02.25-03.36.31:039][  0]LogConfig: Setting CVar [[r.VolumetricFog.HistoryMissSupersampleCount:4]]
[2020.02.25-03.36.31:039][  0]LogConfig: Setting CVar [[r.LightMaxDrawDistanceScale:1]]
[2020.02.25-03.36.31:039][  0]LogConfig: Setting CVar [[r.CapsuleShadows:1]]
[2020.02.25-03.36.31:039][  0]LogConfig: Applying CVar settings from Section [PostProcessQuality@3] File [C:/Users/ahcbr/Desktop/artt and schooll/2020 games/unity-prototype-master-master-all/unity-prototype-master-master-all/UnrealPuzzle/PuzzleBox/Saved/Config/Windows/Scalability.ini]
[2020.02.25-03.36.31:039][  0]LogConfig: Setting CVar [[r.MotionBlurQuality:4]]
[2020.02.25-03.36.31:039][  0]LogConfig: Setting CVar [[r.AmbientOcclusionMipLevelFactor:0.4]]
[2020.02.25-03.36.31:039][  0]LogConfig: Setting CVar [[r.AmbientOcclusionMaxQuality:100]]
[2020.02.25-03.36.31:039][  0]LogConfig: Setting CVar [[r.AmbientOcclusionLevels:-1]]
[2020.02.25-03.36.31:039][  0]LogConfig: Setting CVar [[r.AmbientOcclusionRadiusScale:1.0]]
[2020.02.25-03.36.31:039][  0]LogConfig: Setting CVar [[r.DepthOfFieldQuality:2]]
[2020.02.25-03.36.31:039][  0]LogConfig: Setting CVar [[r.RenderTargetPoolMin:400]]
[2020.02.25-03.36.31:039][  0]LogConfig: Setting CVar [[r.LensFlareQuality:2]]
[2020.02.25-03.36.31:039][  0]LogConfig: Setting CVar [[r.SceneColorFringeQuality:1]]
[2020.02.25-03.36.31:040][  0]LogConfig: Setting CVar [[r.EyeAdaptationQuality:2]]
[2020.02.25-03.36.31:040][  0]LogConfig: Setting CVar [[r.BloomQuality:5]]
[2020.02.25-03.36.31:040][  0]LogConfig: Setting CVar [[r.FastBlurThreshold:100]]
[2020.02.25-03.36.31:040][  0]LogConfig: Setting CVar [[r.Upscale.Quality:3]]
[2020.02.25-03.36.31:040][  0]LogConfig: Setting CVar [[r.Tonemapper.GrainQuantization:1]]
[2020.02.25-03.36.31:040][  0]LogConfig: Setting CVar [[r.LightShaftQuality:1]]
[2020.02.25-03.36.31:040][  0]LogConfig: Setting CVar [[r.Filter.SizeScale:1]]
[2020.02.25-03.36.31:040][  0]LogConfig: Setting CVar [[r.Tonemapper.Quality:5]]
[2020.02.25-03.36.31:040][  0]LogConfig: Setting CVar [[r.DOF.Gather.AccumulatorQuality:1        ; higher gathering accumulator quality]]
[2020.02.25-03.36.31:040][  0]LogConfig: Setting CVar [[r.DOF.Gather.PostfilterMethod:1          ; Median3x3 postfilering method]]
[2020.02.25-03.36.31:040][  0]LogConfig: Setting CVar [[r.DOF.Gather.EnableBokehSettings:0       ; no bokeh simulation when gathering]]
[2020.02.25-03.36.31:040][  0]LogConfig: Setting CVar [[r.DOF.Gather.RingCount:4                 ; medium number of samples when gathering]]
[2020.02.25-03.36.31:040][  0]LogConfig: Setting CVar [[r.DOF.Scatter.ForegroundCompositing:1    ; additive foreground scattering]]
[2020.02.25-03.36.31:040][  0]LogConfig: Setting CVar [[r.DOF.Scatter.BackgroundCompositing:2    ; additive background scattering]]
[2020.02.25-03.36.31:040][  0]LogConfig: Setting CVar [[r.DOF.Scatter.EnableBokehSettings:1      ; bokeh simulation when scattering]]
[2020.02.25-03.36.31:040][  0]LogConfig: Setting CVar [[r.DOF.Scatter.MaxSpriteRatio:0.1         ; only a maximum of 10% of scattered bokeh]]
[2020.02.25-03.36.31:040][  0]LogConfig: Setting CVar [[r.DOF.Recombine.Quality:1                ; cheap slight out of focus]]
[2020.02.25-03.36.31:040][  0]LogConfig: Setting CVar [[r.DOF.Recombine.EnableBokehSettings:0    ; no bokeh simulation on slight out of focus]]
[2020.02.25-03.36.31:040][  0]LogConfig: Setting CVar [[r.DOF.TemporalAAQuality:1                ; more stable temporal accumulation]]
[2020.02.25-03.36.31:040][  0]LogConfig: Setting CVar [[r.DOF.Kernel.MaxForegroundRadius:0.025]]
[2020.02.25-03.36.31:040][  0]LogConfig: Setting CVar [[r.DOF.Kernel.MaxBackgroundRadius:0.025]]
[2020.02.25-03.36.31:040][  0]LogConfig: Applying CVar settings from Section [TextureQuality@3] File [C:/Users/ahcbr/Desktop/artt and schooll/2020 games/unity-prototype-master-master-all/unity-prototype-master-master-all/UnrealPuzzle/PuzzleBox/Saved/Config/Windows/Scalability.ini]
[2020.02.25-03.36.31:041][  0]LogConfig: Setting CVar [[r.Streaming.MipBias:0]]
[2020.02.25-03.36.31:041][  0]LogConfig: Setting CVar [[r.Streaming.AmortizeCPUToGPUCopy:0]]
[2020.02.25-03.36.31:041][  0]LogConfig: Setting CVar [[r.Streaming.MaxNumTexturesToStreamPerFrame:0]]
[2020.02.25-03.36.31:041][  0]LogConfig: Setting CVar [[r.Streaming.Boost:1]]
[2020.02.25-03.36.31:041][  0]LogConfig: Setting CVar [[r.MaxAnisotropy:8]]
[2020.02.25-03.36.31:041][  0]LogConfig: Setting CVar [[r.Streaming.LimitPoolSizeToVRAM:0]]
[2020.02.25-03.36.31:041][  0]LogConfig: Setting CVar [[r.Streaming.PoolSize:1000]]
[2020.02.25-03.36.31:041][  0]LogConfig: Setting CVar [[r.Streaming.MaxEffectiveScreenSize:0]]
[2020.02.25-03.36.31:041][  0]LogConfig: Applying CVar settings from Section [EffectsQuality@3] File [C:/Users/ahcbr/Desktop/artt and schooll/2020 games/unity-prototype-master-master-all/unity-prototype-master-master-all/UnrealPuzzle/PuzzleBox/Saved/Config/Windows/Scalability.ini]
[2020.02.25-03.36.31:041][  0]LogConfig: Setting CVar [[r.TranslucencyLightingVolumeDim:64]]
[2020.02.25-03.36.31:041][  0]LogConfig: Setting CVar [[r.RefractionQuality:2]]
[2020.02.25-03.36.31:041][  0]LogConfig: Setting CVar [[r.SSR.Quality:3]]
[2020.02.25-03.36.31:041][  0]LogConfig: Setting CVar [[r.SceneColorFormat:4]]
[2020.02.25-03.36.31:041][  0]LogConfig: Setting CVar [[r.DetailMode:2]]
[2020.02.25-03.36.31:041][  0]LogConfig: Setting CVar [[r.TranslucencyVolumeBlur:1]]
[2020.02.25-03.36.31:041][  0]LogConfig: Setting CVar [[r.MaterialQualityLevel:1 ; High quality]]
[2020.02.25-03.36.31:041][  0]LogConfig: Setting CVar [[r.SSS.Scale:1]]
[2020.02.25-03.36.31:041][  0]LogConfig: Setting CVar [[r.SSS.SampleSet:2]]
[2020.02.25-03.36.31:041][  0]LogConfig: Setting CVar [[r.SSS.Quality:1]]
[2020.02.25-03.36.31:041][  0]LogConfig: Setting CVar [[r.SSS.HalfRes:1]]
[2020.02.25-03.36.31:041][  0]LogConfig: Setting CVar [[r.EmitterSpawnRateScale:1.0]]
[2020.02.25-03.36.31:041][  0]LogConfig: Setting CVar [[r.ParticleLightQuality:2]]
[2020.02.25-03.36.31:042][  0]LogConfig: Applying CVar settings from Section [FoliageQuality@3] File [C:/Users/ahcbr/Desktop/artt and schooll/2020 games/unity-prototype-master-master-all/unity-prototype-master-master-all/UnrealPuzzle/PuzzleBox/Saved/Config/Windows/Scalability.ini]
[2020.02.25-03.36.31:042][  0]LogConfig: Setting CVar [[foliage.DensityScale:1.0]]
[2020.02.25-03.36.31:042][  0]LogConfig: Setting CVar [[grass.DensityScale:1.0]]
[2020.02.25-03.36.31:042][  0]LogConfig: Applying CVar settings from Section [Startup] File [../../../Engine/Config/ConsoleVariables.ini]
[2020.02.25-03.36.31:043][  0]LogConfig: Setting CVar [[net.UseAdaptiveNetUpdateFrequency:0]]
[2020.02.25-03.36.31:043][  0]LogConfig: Setting CVar [[p.chaos.AllowCreatePhysxBodies:1]]
[2020.02.25-03.36.31:043][  0]LogConfig: Applying CVar settings from Section [ConsoleVariables] File [C:/Users/ahcbr/Desktop/artt and schooll/2020 games/unity-prototype-master-master-all/unity-prototype-master-master-all/UnrealPuzzle/PuzzleBox/Saved/Config/Windows/Engine.ini]
[2020.02.25-03.36.31:043][  0]LogInit: Computer: LAPTOP-A803V4LA
[2020.02.25-03.36.31:043][  0]LogInit: User: ahcbr
[2020.02.25-03.36.31:044][  0]LogInit: CPU Page size=4096, Cores=2
[2020.02.25-03.36.31:044][  0]LogInit: High frequency timer resolution =10.000000 MHz
[2020.02.25-03.36.31:046][  0]LogMemory: Memory total: Physical=7.9GB (8GB approx)
[2020.02.25-03.36.31:046][  0]LogMemory: Platform Memory Stats for Windows
[2020.02.25-03.36.31:046][  0]LogMemory: Process Physical Memory: 96.77 MB used, 96.78 MB peak
[2020.02.25-03.36.31:046][  0]LogMemory: Process Virtual Memory: 91.99 MB used, 91.99 MB peak
[2020.02.25-03.36.31:046][  0]LogMemory: Physical Memory: 5309.49 MB used,  2799.64 MB free, 8109.13 MB total
[2020.02.25-03.36.31:046][  0]LogMemory: Virtual Memory: 4628.96 MB used,  134213096.00 MB free, 134217728.00 MB total
[2020.02.25-03.36.31:091][  0]LogInit: Using OS detected language (en-US).
[2020.02.25-03.36.31:091][  0]LogInit: Using OS detected locale (en-US).
[2020.02.25-03.36.31:093][  0]LogTextLocalizationManager: No specific localization for 'en-US' exists, so the 'en' localization will be used.
[2020.02.25-03.36.31:636][  0]LogInit: Setting process to per monitor DPI aware
[2020.02.25-03.36.31:697][  0]LogSlate: New Slate User Created.  User Index 0, Is Virtual User: 0
[2020.02.25-03.36.31:697][  0]LogSlate: Slate User Registered.  User Index 0, Is Virtual User: 0
[2020.02.25-03.36.32:235][  0]LogHMD: Failed to initialize OpenVR with code 110
[2020.02.25-03.36.32:235][  0]LogD3D11RHI: D3D11 adapters:
[2020.02.25-03.36.32:292][  0]LogD3D11RHI:    0. 'Intel(R) HD Graphics 620' (Feature Level 11_0)
[2020.02.25-03.36.32:292][  0]LogD3D11RHI:       128/0/4054 MB DedicatedVideo/DedicatedSystem/SharedSystem, Outputs:1, VendorId:0x8086
[2020.02.25-03.36.32:297][  0]LogD3D11RHI:    1. 'Microsoft Basic Render Driver' (Feature Level 11_0)
[2020.02.25-03.36.32:297][  0]LogD3D11RHI:       0/0/4054 MB DedicatedVideo/DedicatedSystem/SharedSystem, Outputs:0, VendorId:0x1414
[2020.02.25-03.36.32:297][  0]LogD3D11RHI: Chosen D3D11 Adapter: 0
[2020.02.25-03.36.32:313][  0]LogD3D11RHI: Creating new Direct3DDevice
[2020.02.25-03.36.32:314][  0]LogD3D11RHI:     GPU DeviceId: 0x5916 (for the marketing name, search the web for "GPU Device Id")
[2020.02.25-03.36.32:314][  0]LogWindows: EnumDisplayDevices:
[2020.02.25-03.36.32:316][  0]LogWindows:    0. 'Intel(R) HD Graphics 620' (P:1 D:1)
[2020.02.25-03.36.32:319][  0]LogWindows:    1. 'Intel(R) HD Graphics 620' (P:0 D:0)
[2020.02.25-03.36.32:320][  0]LogWindows:    2. 'Intel(R) HD Graphics 620' (P:0 D:0)
[2020.02.25-03.36.32:320][  0]LogWindows: DebugString: FoundDriverCount:3 
[2020.02.25-03.36.32:320][  0]LogD3D11RHI:     Adapter Name: Intel(R) HD Graphics 620
[2020.02.25-03.36.32:321][  0]LogD3D11RHI:   Driver Version: 25.20.100.6518 (internal:25.20.100.6518, unified:25.20.100.6518)
[2020.02.25-03.36.32:321][  0]LogD3D11RHI:      Driver Date: 1-9-2019
[2020.02.25-03.36.32:321][  0]LogRHI: Texture pool is 1508 MB (70% of 2155 MB)
[2020.02.25-03.36.32:367][  0]LogD3D11RHI: Async texture creation enabled
[2020.02.25-03.36.32:375][  0]LogRendererCore: FGlobalReadBuffer::InitRHI
[2020.02.25-03.36.32:377][  0]LogRendererCore: FGlobalReadBuffer::InitRHI
[2020.02.25-03.36.32:377][  0]LogRendererCore: FGlobalReadBuffer::InitRHI
[2020.02.25-03.36.32:385][  0]LogD3D11RHI: GPU Timing Frequency: 12.000048 (Debug: 2 0)
[2020.02.25-03.36.34:077][  0]LogTemp: Display: Module 'AllDesktopTargetPlatform' loaded TargetPlatform 'AllDesktop'
[2020.02.25-03.36.34:148][  0]LogTemp: Display: Module 'MacClientTargetPlatform' loaded TargetPlatform 'MacClient'
[2020.02.25-03.36.34:275][  0]LogTemp: Display: Module 'MacNoEditorTargetPlatform' loaded TargetPlatform 'MacNoEditor'
[2020.02.25-03.36.34:349][  0]LogTemp: Display: Module 'MacServerTargetPlatform' loaded TargetPlatform 'MacServer'
[2020.02.25-03.36.34:451][  0]LogTemp: Display: Module 'MacTargetPlatform' loaded TargetPlatform 'Mac'
[2020.02.25-03.36.34:577][  0]LogTemp: Display: Module 'WindowsClientTargetPlatform' loaded TargetPlatform 'WindowsClient'
[2020.02.25-03.36.34:705][  0]LogTemp: Display: Module 'WindowsNoEditorTargetPlatform' loaded TargetPlatform 'WindowsNoEditor'
[2020.02.25-03.36.34:841][  0]LogTemp: Display: Module 'WindowsServerTargetPlatform' loaded TargetPlatform 'WindowsServer'
[2020.02.25-03.36.35:078][  0]LogTemp: Display: Module 'WindowsTargetPlatform' loaded TargetPlatform 'Windows'
[2020.02.25-03.36.36:007][  0]LogTemp: Display: Module 'AndroidTargetPlatform' loaded TargetPlatform 'Android'
[2020.02.25-03.36.36:007][  0]LogTemp: Display: Module 'AndroidTargetPlatform' loaded TargetPlatform 'Android_ASTC'
[2020.02.25-03.36.36:007][  0]LogTemp: Display: Module 'AndroidTargetPlatform' loaded TargetPlatform 'Android_ATC'
[2020.02.25-03.36.36:007][  0]LogTemp: Display: Module 'AndroidTargetPlatform' loaded TargetPlatform 'Android_DXT'
[2020.02.25-03.36.36:007][  0]LogTemp: Display: Module 'AndroidTargetPlatform' loaded TargetPlatform 'Android_ETC1'
[2020.02.25-03.36.36:008][  0]LogTemp: Display: Module 'AndroidTargetPlatform' loaded TargetPlatform 'Android_ETC1a'
[2020.02.25-03.36.36:008][  0]LogTemp: Display: Module 'AndroidTargetPlatform' loaded TargetPlatform 'Android_ETC2'
[2020.02.25-03.36.36:008][  0]LogTemp: Display: Module 'AndroidTargetPlatform' loaded TargetPlatform 'Android_PVRTC'
[2020.02.25-03.36.36:009][  0]LogTemp: Display: Module 'AndroidTargetPlatform' loaded TargetPlatform 'AndroidClient'
[2020.02.25-03.36.36:009][  0]LogTemp: Display: Module 'AndroidTargetPlatform' loaded TargetPlatform 'Android_ASTCClient'
[2020.02.25-03.36.36:009][  0]LogTemp: Display: Module 'AndroidTargetPlatform' loaded TargetPlatform 'Android_ATCClient'
[2020.02.25-03.36.36:010][  0]LogTemp: Display: Module 'AndroidTargetPlatform' loaded TargetPlatform 'Android_DXTClient'
[2020.02.25-03.36.36:010][  0]LogTemp: Display: Module 'AndroidTargetPlatform' loaded TargetPlatform 'Android_ETC1Client'
[2020.02.25-03.36.36:010][  0]LogTemp: Display: Module 'AndroidTargetPlatform' loaded TargetPlatform 'Android_ETC1aClient'
[2020.02.25-03.36.36:010][  0]LogTemp: Display: Module 'AndroidTargetPlatform' loaded TargetPlatform 'Android_ETC2Client'
[2020.02.25-03.36.36:010][  0]LogTemp: Display: Module 'AndroidTargetPlatform' loaded TargetPlatform 'Android_PVRTCClient'
[2020.02.25-03.36.36:010][  0]LogTemp: Display: Module 'AndroidTargetPlatform' loaded TargetPlatform 'Android_Multi'
[2020.02.25-03.36.36:010][  0]LogTemp: Display: Module 'AndroidTargetPlatform' loaded TargetPlatform 'Android_MultiClient'
[2020.02.25-03.36.36:037][  0]LogTemp: Display: Module 'HTML5TargetPlatform' loaded TargetPlatform 'HTML5'
[2020.02.25-03.36.36:639][  0]LogTemp: Display: Module 'IOSTargetPlatform' loaded TargetPlatform 'IOSClient'
[2020.02.25-03.36.36:639][  0]LogTemp: Display: Module 'IOSTargetPlatform' loaded TargetPlatform 'IOS'
[2020.02.25-03.36.36:876][  0]LogTemp: Display: Module 'TVOSTargetPlatform' loaded TargetPlatform 'TVOSClient'
[2020.02.25-03.36.36:876][  0]LogTemp: Display: Module 'TVOSTargetPlatform' loaded TargetPlatform 'TVOS'
[2020.02.25-03.36.37:043][  0]LogTemp: Display: Module 'LinuxClientTargetPlatform' loaded TargetPlatform 'LinuxClient'
[2020.02.25-03.36.37:188][  0]LogTemp: Display: Module 'LinuxNoEditorTargetPlatform' loaded TargetPlatform 'LinuxNoEditor'
[2020.02.25-03.36.37:307][  0]LogTemp: Display: Module 'LinuxServerTargetPlatform' loaded TargetPlatform 'LinuxServer'
[2020.02.25-03.36.37:437][  0]LogTemp: Display: Module 'LinuxTargetPlatform' loaded TargetPlatform 'Linux'
[2020.02.25-03.36.37:793][  0]LogTemp: Display: Module 'LuminTargetPlatform' loaded TargetPlatform 'Lumin'
[2020.02.25-03.36.37:793][  0]LogTemp: Display: Module 'LuminTargetPlatform' loaded TargetPlatform 'LuminClient'
[2020.02.25-03.36.37:796][  0]LogTargetPlatformManager: Display: Building Assets For Windows
[2020.02.25-03.36.37:942][  0]LogAudioDebug: Display: Lib vorbis DLL was dynamically loaded.
[2020.02.25-03.36.39:616][  0]LogShaderCompilers: Guid format shader working directory is -111 characters bigger than the processId version (../../../../../../Users/ahcbr/Desktop/artt and schooll/2020 games/unity-prototype-master-master-all/unity-prototype-master-master-all/UnrealPuzzle/PuzzleBox/Intermediate/Shaders/WorkingDirectory/14728/).
[2020.02.25-03.36.39:617][  0]LogShaderCompilers: Cleaned the shader compiler working directory 'C:/Users/ahcbr/AppData/Local/Temp/UnrealShaderWorkingDir/4C947BE5464E5D3B1AF57A9D05155674/'.
[2020.02.25-03.36.39:670][  0]LogXGEController: Cannot use XGE Controller as Incredibuild is not installed on this machine.
[2020.02.25-03.36.39:672][  0]LogShaderCompilers: Cannot use XGE Shader Compiler as Incredibuild is not installed on this machine.
[2020.02.25-03.36.39:672][  0]LogShaderCompilers: Display: Using Local Shader Compiler.
[2020.02.25-03.37.07:314][  0]LogDerivedDataCache: Display: Max Cache Size: 512 MB
[2020.02.25-03.37.08:619][  0]LogDerivedDataCache: Loaded boot cache 1.29s 71MB C:/Users/ahcbr/AppData/Local/UnrealEngine/4.22/DerivedDataCache/Boot.ddc.
[2020.02.25-03.37.08:619][  0]LogDerivedDataCache: Display: Loaded Boot cache: C:/Users/ahcbr/AppData/Local/UnrealEngine/4.22/DerivedDataCache/Boot.ddc
[2020.02.25-03.37.08:619][  0]LogDerivedDataCache: FDerivedDataBackendGraph:  Pak pak cache file ../../../../../../Users/ahcbr/Desktop/artt and schooll/2020 games/unity-prototype-master-master-all/unity-prototype-master-master-all/UnrealPuzzle/PuzzleBox/DerivedDataCache/DDC.ddp not found, will not use a pak cache.
[2020.02.25-03.37.08:619][  0]LogDerivedDataCache: Unable to find inner node Pak for hierarchical cache Hierarchy.
[2020.02.25-03.37.08:619][  0]LogDerivedDataCache: FDerivedDataBackendGraph:  CompressedPak pak cache file ../../../../../../Users/ahcbr/Desktop/artt and schooll/2020 games/unity-prototype-master-master-all/unity-prototype-master-master-all/UnrealPuzzle/PuzzleBox/DerivedDataCache/Compressed.ddp not found, will not use a pak cache.
[2020.02.25-03.37.08:619][  0]LogDerivedDataCache: Unable to find inner node CompressedPak for hierarchical cache Hierarchy.
[2020.02.25-03.37.08:672][  0]LogDerivedDataCache: Display: Pak cache opened for reading ../../../Engine/DerivedDataCache/Compressed.ddp.
[2020.02.25-03.37.08:672][  0]LogDerivedDataCache: FDerivedDataBackendGraph:  EnterprisePak pak cache file ../../../Enterprise/DerivedDataCache/Compressed.ddp not found, will not use a pak cache.
[2020.02.25-03.37.08:673][  0]LogDerivedDataCache: Unable to find inner node EnterprisePak for hierarchical cache Hierarchy.
[2020.02.25-03.37.08:686][  0]LogDerivedDataCache: Using Local data cache path C:/Users/ahcbr/AppData/Local/UnrealEngine/Common/DerivedDataCache: Writable
[2020.02.25-03.37.08:686][  0]LogDerivedDataCache: Shared data cache path not found in *engine.ini, will not use an Shared cache.
[2020.02.25-03.37.08:686][  0]LogDerivedDataCache: Unable to find inner node Shared for hierarchical cache Hierarchy.
[2020.02.25-03.37.08:771][  0]LogMaterial: Verifying Global Shaders for PCD3D_SM5
[2020.02.25-03.37.08:841][  0]LogSlate: Using FreeType 2.6.0
[2020.02.25-03.37.09:055][  0]LogSlate: SlateFontServices - WITH_FREETYPE: 1, WITH_HARFBUZZ: 1
[2020.02.25-03.37.13:861][  0]LogAssetRegistry: FAssetRegistry took 0.0633 seconds to start up
[2020.02.25-03.37.21:439][  0]LogInit: Selected Device Profile: [Windows]
[2020.02.25-03.37.25:394][  0]LogMeshReduction: Using QuadricMeshReduction for automatic static mesh reduction
[2020.02.25-03.37.25:395][  0]LogMeshReduction: Using SimplygonMeshReduction for automatic skeletal mesh reduction
[2020.02.25-03.37.25:395][  0]LogMeshReduction: Using ProxyLODMeshReduction for automatic mesh merging
[2020.02.25-03.37.25:395][  0]LogMeshReduction: No distributed automatic mesh merging module available
[2020.02.25-03.37.25:441][  0]LogMeshMerging: No distributed automatic mesh merging module available
[2020.02.25-03.37.26:009][  0]LogNetVersion: PuzzleBox 1.0.0, NetCL: 5660361, EngineNetVer: 10, GameNetVer: 0 (Checksum: 1860270735)
[2020.02.25-03.37.31:608][  0]LogAssetRegistry: Error: Failed to open file for write ../../../../../../Users/ahcbr/Desktop/artt and schooll/2020 games/unity-prototype-master-master-all/unity-prototype-master-master-all/UnrealPuzzle/PuzzleBox/Intermediate/AssetRegistryCache/2657c409.bin
[2020.02.25-03.37.31:615][  0]LogAssetRegistry: Error: Failed to open file for write ../../../../../../Users/ahcbr/Desktop/artt and schooll/2020 games/unity-prototype-master-master-all/unity-prototype-master-master-all/UnrealPuzzle/PuzzleBox/Intermediate/AssetRegistryCache/866581fd.bin
[2020.02.25-03.37.31:623][  0]LogAssetRegistry: Error: Failed to open file for write ../../../../../../Users/ahcbr/Desktop/artt and schooll/2020 games/unity-prototype-master-master-all/unity-prototype-master-master-all/UnrealPuzzle/PuzzleBox/Intermediate/AssetRegistryCache/8c0e1344.bin
[2020.02.25-03.37.31:630][  0]LogAssetRegistry: Error: Failed to open file for write ../../../../../../Users/ahcbr/Desktop/artt and schooll/2020 games/unity-prototype-master-master-all/unity-prototype-master-master-all/UnrealPuzzle/PuzzleBox/Intermediate/AssetRegistryCache/6bead350.bin
[2020.02.25-03.37.31:638][  0]LogAssetRegistry: Error: Failed to open file for write ../../../../../../Users/ahcbr/Desktop/artt and schooll/2020 games/unity-prototype-master-master-all/unity-prototype-master-master-all/UnrealPuzzle/PuzzleBox/Intermediate/AssetRegistryCache/c9e91a3f.bin
[2020.02.25-03.37.31:680][  0]LogAssetRegistry: Error: Failed to open file for write ../../../../../../Users/ahcbr/Desktop/artt and schooll/2020 games/unity-prototype-master-master-all/unity-prototype-master-master-all/UnrealPuzzle/PuzzleBox/Intermediate/AssetRegistryCache/50a675f9.bin
[2020.02.25-03.37.31:686][  0]LogAssetRegistry: Error: Failed to open file for write ../../../../../../Users/ahcbr/Desktop/artt and schooll/2020 games/unity-prototype-master-master-all/unity-prototype-master-master-all/UnrealPuzzle/PuzzleBox/Intermediate/AssetRegistryCache/8e9331e2.bin
[2020.02.25-03.37.31:693][  0]LogAssetRegistry: Error: Failed to open file for write ../../../../../../Users/ahcbr/Desktop/artt and schooll/2020 games/unity-prototype-master-master-all/unity-prototype-master-master-all/UnrealPuzzle/PuzzleBox/Intermediate/AssetRegistryCache/52ed2538.bin
[2020.02.25-03.37.31:784][  0]LogAssetRegistry: Error: Failed to open file for write ../../../../../../Users/ahcbr/Desktop/artt and schooll/2020 games/unity-prototype-master-master-all/unity-prototype-master-master-all/UnrealPuzzle/PuzzleBox/Intermediate/AssetRegistryCache/1f683343.bin
[2020.02.25-03.37.31:788][  0]LogPackageLocalizationCache: Processed 10 localized package path(s) for 1 prioritized culture(s) in 0.187901 seconds
[2020.02.25-03.37.31:801][  0]LogUObjectArray: 42205 objects as part of root set at end of initial load.
[2020.02.25-03.37.31:801][  0]LogUObjectAllocator: 7325032 out of 0 bytes used by permanent object pool.
[2020.02.25-03.37.31:801][  0]LogUObjectArray: CloseDisregardForGC: 0/0 objects in disregard for GC pool
[2020.02.25-03.39.01:906][  0]LogTcpMessaging: Initializing TcpMessaging bridge
[2020.02.25-03.39.02:059][  0]LogUdpMessaging: Initializing bridge on interface 0.0.0.0:0 to multicast group 230.0.0.1:6666.
[2020.02.25-03.39.04:910][  0]SourceControl: Source control is disabled
[2020.02.25-03.39.04:910][  0]SourceControl: Source control is disabled
[2020.02.25-03.39.05:155][  0]SourceControl: Source control is disabled
[2020.02.25-03.39.05:255][  0]SourceControl: Source control is disabled
[2020.02.25-03.39.09:779][  0]LogAndroidPermission: UAndroidPermissionCallbackProxy::GetInstance
[2020.02.25-03.39.11:872][  0]LogOcInput: OculusInput pre-init called
[2020.02.25-03.39.14:906][  0]LogEngine: Initializing Engine...
[2020.02.25-03.39.14:908][  0]LogHMD: Failed to initialize OpenVR with code 110
[2020.02.25-03.39.14:910][  0]LogStats: UGameplayTagsManager::InitializeManager -  0.000 s
[2020.02.25-03.39.15:670][  0]LogInit: Initializing FReadOnlyCVARCache
[2020.02.25-03.39.15:764][  0]LogAIModule: Creating AISystem for world Untitled
[2020.02.25-03.39.16:039][  0]LogInit: XAudio2 using 'Speakers (Realtek High Definition Audio)' : 2 channels at 48 kHz using 32 bits per sample (channel mask 0x3)
[2020.02.25-03.39.16:189][  0]LogInit: FAudioDevice initialized.
[2020.02.25-03.39.16:190][  0]LogNetVersion: Set ProjectVersion to 1.0.0.0. Version Checksum will be recalculated on next use.
[2020.02.25-03.39.16:312][  0]LogDerivedDataCache: Error: Could not save memory cache C:/Users/ahcbr/AppData/Local/UnrealEngine/4.22/DerivedDataCache/Boot.ddc.
[2020.02.25-03.39.16:313][  0]LogInit: Texture streaming: Enabled
[2020.02.25-03.39.27:808][  0]LogInit: Transaction tracking system initialized
[2020.02.25-03.39.42:250][  0]BlueprintLog: New page: Editor Load
[2020.02.25-03.39.54:711][  0]LocalizationService: Localization service is disabled
[2020.02.25-03.40.07:770][  0]LogFileCache: Scanning file cache for directory 'C:/Users/ahcbr/Desktop/artt and schooll/2020 games/unity-prototype-master-master-all/unity-prototype-master-master-all/UnrealPuzzle/PuzzleBox/Content/' took 0.02s
[2020.02.25-03.40.07:770][  0]LogCook: Display: Max memory allowance for cook 16384mb min free memory 0mb
[2020.02.25-03.40.07:770][  0]LogCook: Display: Mobile HDR setting 1
[2020.02.25-03.40.35:886][  0]SourceControl: Source control is disabled
[2020.02.25-03.40.36:238][  0]LightingResults: New page: Lighting Build
[2020.02.25-03.40.36:923][  0]MapCheck: New page: Map Check
[2020.02.25-03.40.36:923][  0]LightingResults: New page: Lighting Build
[2020.02.25-03.40.38:279][  0]LogUObjectHash: Compacting FUObjectHashTables data took  42.28ms
[2020.02.25-03.40.44:224][  0]LogDerivedDataCache: FFileSystemDerivedDataBackend: Move collision, attempt at redundant update, OK C:/Users/ahcbr/AppData/Local/UnrealEngine/Common/DerivedDataCache/9/5/0/PHYSX_A08609EF508D460CBB6710540B03AACF_PHYSXPC_1F32F54148FF57896A29E5BC1E6FE021__1_0_0_0_2_13315_0.udd.
[2020.02.25-03.40.44:609][  0]LogStaticMesh: Building static mesh SM_Terminal...
[2020.02.25-03.40.45:762][  0]LogDerivedDataCache: FFileSystemDerivedDataBackend: Move collision, attempt at redundant update, OK C:/Users/ahcbr/AppData/Local/UnrealEngine/Common/DerivedDataCache/6/7/8/PHYSX_A08609EF508D460CBB6710540B03AACF_PHYSXPC_3EEC125D480712DB4C384DAD4E11221C__1_0_0_0_2_13315_0.udd.
[2020.02.25-03.40.45:762][  0]LogStaticMesh: Built static mesh [1.54s] /Game/PuzzleBox/Art/SM_Terminal.SM_Terminal
[2020.02.25-03.40.46:002][  0]LogDerivedDataCache: FFileSystemDerivedDataBackend: Move collision, attempt at redundant update, OK C:/Users/ahcbr/AppData/Local/UnrealEngine/Common/DerivedDataCache/8/1/4/STATICMESH_9891BF2FF72141F6921E24E347DB73C1_228332BAE0224DD294E232B87D83948FQU__90F87B2D18194BE9207E6963B94C3B5DD9E77B09.udd.
[2020.02.25-03.40.46:003][  0]LogDerivedDataCache: FFileSystemDerivedDataBackend: Move collision, attempt at redundant update, OK C:/Users/ahcbr/AppData/Local/UnrealEngine/Common/DerivedDataCache/9/2/7/PHYSX_A08609EF508D460CBB6710540B03AACF_PHYSXPC_B8FC8378428C07659EFDB1B00C2F9BB__84FFEB40CB169FD1A2536FB68D58C16A804B659B.udd.
[2020.02.25-03.40.46:003][  0]LogMaterial: Display: Missing cached shader map for material M_MonoColor, compiling. 
[2020.02.25-03.40.47:151][  0]LogAIModule: Creating AISystem for world TestRoom
[2020.02.25-03.40.49:038][  0]LogEditorServer: Finished looking for orphan Actors (0.000 secs)
[2020.02.25-03.41.46:615][  0]LogUObjectHash: Compacting FUObjectHashTables data took   4.33ms
[2020.02.25-03.41.46:615][  0]Cmd: MAP CHECKDEP NOCLEARLOG
[2020.02.25-03.41.46:616][  0]MapCheck: Map check complete: 0 Error(s), 0 Warning(s), took 0.274ms to complete.
[2020.02.25-03.41.46:616][  0]LogFileHelpers: Loading map 'TestRoom' took 70.730
